app/build/intermediates/manifest_merge_blame_file/debug/manifest-merger-blame-debug-report.txt
1<?xml version="1.0" encoding="utf-8"?>
2<manifest xmlns:android="http://schemas.android.com/apk/res/android"
3    package="com.example.barcodescanner"
4    android:versionCode="1"
5    android:versionName="1.0" >
6
7    <uses-sdk
8        android:minSdkVersion="26"
8-->src\main\AndroidManifest.xml
9        android:targetSdkVersion="29" />
9-->src\main\AndroidManifest.xml
10
11    <uses-permission android:name="android.permission.CAMERA" />
11-->src\main\AndroidManifest.xml:5:5-64
11-->src\main\AndroidManifest.xml:5:22-62
12
13    <!-- Don't require camera, as this requires a rear camera. This allows it to work on the Nexus 7 -->
14    <uses-feature
14-->[com.journeyapps:zxing-android-embedded:4.0.2] AndroidManifest.xml:25:5-27:36
15        android:name="android.hardware.camera"
15-->[com.journeyapps:zxing-android-embedded:4.0.2] AndroidManifest.xml:26:9-47
16        android:required="false" />
16-->[com.journeyapps:zxing-android-embedded:4.0.2] AndroidManifest.xml:27:9-33
17    <uses-feature
17-->[com.journeyapps:zxing-android-embedded:4.0.2] AndroidManifest.xml:28:5-30:36
18        android:name="android.hardware.camera.front"
18-->[com.journeyapps:zxing-android-embedded:4.0.2] AndroidManifest.xml:29:9-53
19        android:required="false" /> <!-- TODO replace above two with next line after Android 4.2 -->
19-->[com.journeyapps:zxing-android-embedded:4.0.2] AndroidManifest.xml:30:9-33
20    <!-- <uses-feature android:name="android.hardware.camera.any"/> -->
21    <uses-feature
21-->[com.journeyapps:zxing-android-embedded:4.0.2] AndroidManifest.xml:33:5-35:36
22        android:name="android.hardware.camera.autofocus"
22-->[com.journeyapps:zxing-android-embedded:4.0.2] AndroidManifest.xml:34:9-57
23        android:required="false" />
23-->[com.journeyapps:zxing-android-embedded:4.0.2] AndroidManifest.xml:35:9-33
24    <uses-feature
24-->[com.journeyapps:zxing-android-embedded:4.0.2] AndroidManifest.xml:36:5-38:36
25        android:name="android.hardware.camera.flash"
25-->[com.journeyapps:zxing-android-embedded:4.0.2] AndroidManifest.xml:37:9-53
26        android:required="false" />
26-->[com.journeyapps:zxing-android-embedded:4.0.2] AndroidManifest.xml:38:9-33
27    <uses-feature
27-->[com.journeyapps:zxing-android-embedded:4.0.2] AndroidManifest.xml:39:5-41:36
28        android:name="android.hardware.screen.landscape"
28-->[com.journeyapps:zxing-android-embedded:4.0.2] AndroidManifest.xml:40:9-57
29        android:required="false" />
29-->[com.journeyapps:zxing-android-embedded:4.0.2] AndroidManifest.xml:41:9-33
30    <uses-feature
30-->[com.journeyapps:zxing-android-embedded:4.0.2] AndroidManifest.xml:42:5-44:36
31        android:name="android.hardware.wifi"
31-->[com.journeyapps:zxing-android-embedded:4.0.2] AndroidManifest.xml:43:9-45
32        android:required="false" />
32-->[com.journeyapps:zxing-android-embedded:4.0.2] AndroidManifest.xml:44:9-33
33
34    <application
34-->src\main\AndroidManifest.xml:7:5-21:19
35        android:allowBackup="true"
35-->src\main\AndroidManifest.xml:8:9-35
36        android:appComponentFactory="androidx.core.app.CoreComponentFactory"
36-->[androidx.core:core:1.1.0] AndroidManifest.xml:24:18-86
37        android:debuggable="true"
38        android:extractNativeLibs="false"
39        android:icon="@mipmap/ic_launcher"
39-->src\main\AndroidManifest.xml:9:9-43
40        android:label="@string/app_name"
40-->src\main\AndroidManifest.xml:10:9-41
41        android:roundIcon="@mipmap/ic_launcher_round"
41-->src\main\AndroidManifest.xml:11:9-54
42        android:supportsRtl="true"
42-->src\main\AndroidManifest.xml:12:9-35
43        android:testOnly="true"
44        android:theme="@style/AppTheme" >
44-->src\main\AndroidManifest.xml:13:9-40
45        <activity android:name="com.example.barcodescanner.MainActivity" >
45-->src\main\AndroidManifest.xml:14:9-20:20
45-->src\main\AndroidManifest.xml:14:19-47
46            <intent-filter>
46-->src\main\AndroidManifest.xml:15:13-19:29
47                <action android:name="android.intent.action.MAIN" />
47-->src\main\AndroidManifest.xml:16:17-69
47-->src\main\AndroidManifest.xml:16:25-66
48
49                <category android:name="android.intent.category.LAUNCHER" />
49-->src\main\AndroidManifest.xml:18:17-77
49-->src\main\AndroidManifest.xml:18:27-74
50            </intent-filter>
51        </activity>
52        <activity
52-->[com.journeyapps:zxing-android-embedded:4.0.2] AndroidManifest.xml:47:9-53:63
53            android:name="com.journeyapps.barcodescanner.CaptureActivity"
53-->[com.journeyapps:zxing-android-embedded:4.0.2] AndroidManifest.xml:48:13-74
54            android:clearTaskOnLaunch="true"
54-->[com.journeyapps:zxing-android-embedded:4.0.2] AndroidManifest.xml:49:13-45
55            android:screenOrientation="sensorLandscape"
55-->[com.journeyapps:zxing-android-embedded:4.0.2] AndroidManifest.xml:50:13-56
56            android:stateNotNeeded="true"
56-->[com.journeyapps:zxing-android-embedded:4.0.2] AndroidManifest.xml:51:13-42
57            android:theme="@style/zxing_CaptureTheme"
57-->[com.journeyapps:zxing-android-embedded:4.0.2] AndroidManifest.xml:52:13-54
58            android:windowSoftInputMode="stateAlwaysHidden" />
58-->[com.journeyapps:zxing-android-embedded:4.0.2] AndroidManifest.xml:53:13-60
59    </application>
60
61</manifest>